i:\work\originalelicrossfoldvalidation\viscanvas2.0\opengl_on_a_windows_form\debug\viscanvas.pch
i:\work\originalelicrossfoldvalidation\viscanvas2.0\opengl_on_a_windows_form\debug\vc143.pdb
i:\work\originalelicrossfoldvalidation\viscanvas2.0\opengl_on_a_windows_form\debug\stdafx.obj
i:\work\originalelicrossfoldvalidation\viscanvas2.0\opengl_on_a_windows_form\debug\nominalcolorpicker.obj
i:\work\originalelicrossfoldvalidation\viscanvas2.0\opengl_on_a_windows_form\debug\monotonebooleanchains.obj
i:\work\originalelicrossfoldvalidation\viscanvas2.0\opengl_on_a_windows_form\debug\intervalgroupstarting.obj
i:\work\originalelicrossfoldvalidation\viscanvas2.0\opengl_on_a_windows_form\debug\intervalgrouping.obj
i:\work\originalelicrossfoldvalidation\viscanvas2.0\opengl_on_a_windows_form\debug\additionalsettings.obj
i:\work\originalelicrossfoldvalidation\viscanvas2.0\opengl_on_a_windows_form\debug\graphnote.obj
i:\work\originalelicrossfoldvalidation\viscanvas2.0\opengl_on_a_windows_form\debug\domnomsetslinesbetweencords.obj
i:\work\originalelicrossfoldvalidation\viscanvas2.0\opengl_on_a_windows_form\debug\domnominalset.obj
i:\work\originalelicrossfoldvalidation\viscanvas2.0\opengl_on_a_windows_form\debug\dnsrule.obj
i:\work\originalelicrossfoldvalidation\viscanvas2.0\opengl_on_a_windows_form\debug\dimension.obj
i:\work\originalelicrossfoldvalidation\viscanvas2.0\opengl_on_a_windows_form\debug\dataset.obj
i:\work\originalelicrossfoldvalidation\viscanvas2.0\opengl_on_a_windows_form\debug\datanode.obj
i:\work\originalelicrossfoldvalidation\viscanvas2.0\opengl_on_a_windows_form\debug\datainterface.obj
i:\work\originalelicrossfoldvalidation\viscanvas2.0\opengl_on_a_windows_form\debug\dataclass.obj
i:\work\originalelicrossfoldvalidation\viscanvas2.0\opengl_on_a_windows_form\debug\coordinategroupmaker.obj
i:\work\originalelicrossfoldvalidation\viscanvas2.0\opengl_on_a_windows_form\debug\coordinategroupingwindow.obj
i:\work\originalelicrossfoldvalidation\viscanvas2.0\opengl_on_a_windows_form\debug\coordinategroupgeneralizer.obj
i:\work\originalelicrossfoldvalidation\viscanvas2.0\opengl_on_a_windows_form\debug\colorcustom.obj
i:\work\originalelicrossfoldvalidation\viscanvas2.0\opengl_on_a_windows_form\debug\classscheme.obj
i:\work\originalelicrossfoldvalidation\viscanvas2.0\opengl_on_a_windows_form\debug\assemblyinfo.obj
i:\work\originalelicrossfoldvalidation\viscanvas2.0\opengl_on_a_windows_form\debug\viscanvashelp.obj
i:\work\originalelicrossfoldvalidation\viscanvas2.0\opengl_on_a_windows_form\debug\viscanvas.obj
i:\work\originalelicrossfoldvalidation\viscanvas2.0\opengl_on_a_windows_form\debug\settings.obj
i:\work\originalelicrossfoldvalidation\viscanvas2.0\opengl_on_a_windows_form\debug\setcluster.obj
i:\work\originalelicrossfoldvalidation\viscanvas2.0\opengl_on_a_windows_form\debug\schemeeditor.obj
i:\work\originalelicrossfoldvalidation\viscanvas2.0\opengl_on_a_windows_form\debug\scheme.obj
i:\work\originalelicrossfoldvalidation\viscanvas2.0\opengl_on_a_windows_form\debug\ratiogrouping.obj
i:\work\originalelicrossfoldvalidation\viscanvas2.0\opengl_on_a_windows_form\debug\ratiogroupstarting.obj
i:\work\originalelicrossfoldvalidation\viscanvas2.0\opengl_on_a_windows_form\debug\pch.obj
i:\work\originalelicrossfoldvalidation\viscanvas2.0\opengl_on_a_windows_form\debug\ordinalgrouping.obj
i:\work\originalelicrossfoldvalidation\viscanvas2.0\opengl_on_a_windows_form\debug\orderscheme.obj
i:\work\originalelicrossfoldvalidation\viscanvas2.0\opengl_on_a_windows_form\debug\opengl.obj
i:\work\originalelicrossfoldvalidation\viscanvas2.0\opengl_on_a_windows_form\debug\nsggroupassingment.obj
i:\work\originalelicrossfoldvalidation\viscanvas2.0\opengl_on_a_windows_form\debug\nonmonotonicselector.obj
i:\work\originalelicrossfoldvalidation\viscanvas2.0\opengl_on_a_windows_form\debug\nominalsubgroupbuilder.obj
i:\work\originalelicrossfoldvalidation\viscanvas2.0\opengl_on_a_windows_form\debug\nominalgrouping.obj
i:\work\originalelicrossfoldvalidation\viscanvas2.0\opengl_on_a_windows_form\debug\.netframework,version=v4.7.2.assemblyattributes.obj
i:\work\originalelicrossfoldvalidation - edited for rule testing\viscanvas2.0\opengl_on_a_windows_form\debug\viscanvas.pch
i:\work\originalelicrossfoldvalidation - edited for rule testing\viscanvas2.0\opengl_on_a_windows_form\debug\vc143.pdb
i:\work\originalelicrossfoldvalidation - edited for rule testing\viscanvas2.0\opengl_on_a_windows_form\debug\stdafx.obj
i:\work\originalelicrossfoldvalidation - edited for rule testing\viscanvas2.0\opengl_on_a_windows_form\debug\nominalcolorpicker.obj
i:\work\originalelicrossfoldvalidation - edited for rule testing\viscanvas2.0\opengl_on_a_windows_form\debug\monotonebooleanchains.obj
i:\work\originalelicrossfoldvalidation - edited for rule testing\viscanvas2.0\opengl_on_a_windows_form\debug\intervalgroupstarting.obj
i:\work\originalelicrossfoldvalidation - edited for rule testing\viscanvas2.0\opengl_on_a_windows_form\debug\intervalgrouping.obj
i:\work\originalelicrossfoldvalidation - edited for rule testing\viscanvas2.0\opengl_on_a_windows_form\debug\additionalsettings.obj
i:\work\originalelicrossfoldvalidation - edited for rule testing\viscanvas2.0\opengl_on_a_windows_form\debug\graphnote.obj
i:\work\originalelicrossfoldvalidation - edited for rule testing\viscanvas2.0\opengl_on_a_windows_form\debug\domnomsetslinesbetweencords.obj
i:\work\originalelicrossfoldvalidation - edited for rule testing\viscanvas2.0\opengl_on_a_windows_form\debug\domnominalset.obj
i:\work\originalelicrossfoldvalidation - edited for rule testing\viscanvas2.0\opengl_on_a_windows_form\debug\dnsrule.obj
i:\work\originalelicrossfoldvalidation - edited for rule testing\viscanvas2.0\opengl_on_a_windows_form\debug\dimension.obj
i:\work\originalelicrossfoldvalidation - edited for rule testing\viscanvas2.0\opengl_on_a_windows_form\debug\dataset.obj
i:\work\originalelicrossfoldvalidation - edited for rule testing\viscanvas2.0\opengl_on_a_windows_form\debug\datanode.obj
i:\work\originalelicrossfoldvalidation - edited for rule testing\viscanvas2.0\opengl_on_a_windows_form\debug\datainterface.obj
i:\work\originalelicrossfoldvalidation - edited for rule testing\viscanvas2.0\opengl_on_a_windows_form\debug\dataclass.obj
i:\work\originalelicrossfoldvalidation - edited for rule testing\viscanvas2.0\opengl_on_a_windows_form\debug\coordinategroupmaker.obj
i:\work\originalelicrossfoldvalidation - edited for rule testing\viscanvas2.0\opengl_on_a_windows_form\debug\coordinategroupingwindow.obj
i:\work\originalelicrossfoldvalidation - edited for rule testing\viscanvas2.0\opengl_on_a_windows_form\debug\coordinategroupgeneralizer.obj
i:\work\originalelicrossfoldvalidation - edited for rule testing\viscanvas2.0\opengl_on_a_windows_form\debug\colorcustom.obj
i:\work\originalelicrossfoldvalidation - edited for rule testing\viscanvas2.0\opengl_on_a_windows_form\debug\classscheme.obj
i:\work\originalelicrossfoldvalidation - edited for rule testing\viscanvas2.0\opengl_on_a_windows_form\debug\assemblyinfo.obj
i:\work\originalelicrossfoldvalidation - edited for rule testing\viscanvas2.0\opengl_on_a_windows_form\debug\viscanvashelp.obj
i:\work\originalelicrossfoldvalidation - edited for rule testing\viscanvas2.0\opengl_on_a_windows_form\debug\viscanvas.obj
i:\work\originalelicrossfoldvalidation - edited for rule testing\viscanvas2.0\opengl_on_a_windows_form\debug\settings.obj
i:\work\originalelicrossfoldvalidation - edited for rule testing\viscanvas2.0\opengl_on_a_windows_form\debug\setcluster.obj
i:\work\originalelicrossfoldvalidation - edited for rule testing\viscanvas2.0\opengl_on_a_windows_form\debug\schemeeditor.obj
i:\work\originalelicrossfoldvalidation - edited for rule testing\viscanvas2.0\opengl_on_a_windows_form\debug\scheme.obj
i:\work\originalelicrossfoldvalidation - edited for rule testing\viscanvas2.0\opengl_on_a_windows_form\debug\ratiogrouping.obj
i:\work\originalelicrossfoldvalidation - edited for rule testing\viscanvas2.0\opengl_on_a_windows_form\debug\ratiogroupstarting.obj
i:\work\originalelicrossfoldvalidation - edited for rule testing\viscanvas2.0\opengl_on_a_windows_form\debug\pch.obj
i:\work\originalelicrossfoldvalidation - edited for rule testing\viscanvas2.0\opengl_on_a_windows_form\debug\ordinalgrouping.obj
i:\work\originalelicrossfoldvalidation - edited for rule testing\viscanvas2.0\opengl_on_a_windows_form\debug\orderscheme.obj
i:\work\originalelicrossfoldvalidation - edited for rule testing\viscanvas2.0\opengl_on_a_windows_form\debug\opengl.obj
i:\work\originalelicrossfoldvalidation - edited for rule testing\viscanvas2.0\opengl_on_a_windows_form\debug\nsggroupassingment.obj
i:\work\originalelicrossfoldvalidation - edited for rule testing\viscanvas2.0\opengl_on_a_windows_form\debug\nonmonotonicselector.obj
i:\work\originalelicrossfoldvalidation - edited for rule testing\viscanvas2.0\opengl_on_a_windows_form\debug\nominalsubgroupbuilder.obj
i:\work\originalelicrossfoldvalidation - edited for rule testing\viscanvas2.0\opengl_on_a_windows_form\debug\nominalgrouping.obj
i:\work\originalelicrossfoldvalidation - edited for rule testing\viscanvas2.0\opengl_on_a_windows_form\debug\.netframework,version=v4.7.2.assemblyattributes.obj
i:\work\originalelicrossfoldvalidation - edited for rule testing\viscanvas2.0\debug\microsoft.visualbasic.dll
i:\work\originalelicrossfoldvalidation - edited for rule testing\viscanvas2.0\debug\system.data.dll
i:\work\originalelicrossfoldvalidation - edited for rule testing\viscanvas2.0\debug\system.dll
i:\work\originalelicrossfoldvalidation - edited for rule testing\viscanvas2.0\debug\system.drawing.dll
i:\work\originalelicrossfoldvalidation - edited for rule testing\viscanvas2.0\debug\system.runtime.serialization.formatters.soap.dll
i:\work\originalelicrossfoldvalidation - edited for rule testing\viscanvas2.0\debug\system.windows.forms.dll
i:\work\originalelicrossfoldvalidation - edited for rule testing\viscanvas2.0\debug\system.xml.dll
i:\work\originalelicrossfoldvalidation - edited for rule testing\viscanvas2.0\debug\uiautomationprovider.dll
i:\work\originalelicrossfoldvalidation - edited for rule testing\viscanvas2.0\debug\uiautomationtypes.dll
i:\work\originalelicrossfoldvalidation\viscanvas2.0\debug\viscanvas.exe
i:\work\originalelicrossfoldvalidation\viscanvas2.0\debug\viscanvas.pdb
i:\work\originalelicrossfoldvalidation - edited for rule testing\viscanvas2.0\debug\viscanvas.exe
i:\work\originalelicrossfoldvalidation - edited for rule testing\viscanvas2.0\debug\viscanvas.pdb
i:\originalelicrossfoldvalidation\viscanvas2.0\opengl_on_a_windows_form\debug\viscanvas.tlog\metagen.write.1.tlog
i:\work\originalelicrossfoldvalidation\viscanvas2.0\opengl_on_a_windows_form\debug\viscanvas.tlog\metagen.write.1.tlog
i:\work\originalelicrossfoldvalidation - edited for rule testing\viscanvas2.0\opengl_on_a_windows_form\debug\viscanvas.tlog\metagen.write.1.tlog
c:\users\eli mccoy\desktop\research\viscanvas2.0\opengl_on_a_windows_form\debug\viscanvas.additionalsettings.resources
c:\users\eli mccoy\desktop\research\viscanvas2.0\opengl_on_a_windows_form\debug\viscanvas.schemeeditor.resources
c:\users\eli mccoy\desktop\research\viscanvas2.0\opengl_on_a_windows_form\debug\viscanvas.settings.resources
c:\users\eli mccoy\desktop\research\viscanvas2.0\opengl_on_a_windows_form\debug\viscanvas.viscanvas.resources
c:\users\eli mccoy\desktop\research\viscanvas2.0\opengl_on_a_windows_form\debug\viscanvas.viscanvashelp.resources
d:\work\originalelicrossfoldvalidation\viscanvas2.0\opengl_on_a_windows_form\debug\viscanvas.additionalsettings.resources
d:\work\originalelicrossfoldvalidation\viscanvas2.0\opengl_on_a_windows_form\debug\viscanvas.schemeeditor.resources
d:\work\originalelicrossfoldvalidation\viscanvas2.0\opengl_on_a_windows_form\debug\viscanvas.settings.resources
d:\work\originalelicrossfoldvalidation\viscanvas2.0\opengl_on_a_windows_form\debug\viscanvas.viscanvas.resources
d:\work\originalelicrossfoldvalidation\viscanvas2.0\opengl_on_a_windows_form\debug\viscanvas.viscanvashelp.resources
i:\work\originalelicrossfoldvalidation - edited for rule testing\viscanvas2.0\opengl_on_a_windows_form\debug\.netframework,version=v4.0.assemblyattributes.obj
i:\work\originalelicrossfoldvalidation - edited for rule testing\viscanvas2.0\opengl_on_a_windows_form\debug\nominalsuggestion.obj
i:\work\originalelicrossfoldvalidation - edited for rule testing\viscanvas2.0\opengl_on_a_windows_form\debug\ordertypegroup.obj
i:\work\originalelicrossfoldvalidation - edited for rule testing\viscanvas2.0\opengl_on_a_windows_form\debug\ratioordering.obj
i:\work\originalelicrossfoldvalidation - edited for rule testing\viscanvas2.0\opengl_on_a_windows_form\debug\vc142.pdb
i:\work\originalelicrossfoldvalidation - edited for rule testing\viscanvas2.0\opengl_on_a_windows_form\debug\viscanvas.tlog\cl.command.1.tlog
i:\work\originalelicrossfoldvalidation - edited for rule testing\viscanvas2.0\opengl_on_a_windows_form\debug\viscanvas.tlog\cl.read.1.tlog
i:\work\originalelicrossfoldvalidation - edited for rule testing\viscanvas2.0\opengl_on_a_windows_form\debug\viscanvas.tlog\cl.write.1.tlog
i:\work\originalelicrossfoldvalidation - edited for rule testing\viscanvas2.0\opengl_on_a_windows_form\debug\viscanvas.tlog\copylocal.read.1u.tlog
i:\work\originalelicrossfoldvalidation - edited for rule testing\viscanvas2.0\opengl_on_a_windows_form\debug\viscanvas.tlog\copylocal.write.1u.tlog
i:\work\originalelicrossfoldvalidation - edited for rule testing\viscanvas2.0\opengl_on_a_windows_form\debug\viscanvas.tlog\link.command.1.tlog
i:\work\originalelicrossfoldvalidation - edited for rule testing\viscanvas2.0\opengl_on_a_windows_form\debug\viscanvas.tlog\link.read.1.tlog
i:\work\originalelicrossfoldvalidation - edited for rule testing\viscanvas2.0\opengl_on_a_windows_form\debug\viscanvas.tlog\link.write.1.tlog
i:\work\originalelicrossfoldvalidation - edited for rule testing\viscanvas2.0\opengl_on_a_windows_form\debug\viscanvas.tlog\metagen.read.1.tlog
i:\work\originalelicrossfoldvalidation - edited for rule testing\viscanvas2.0\opengl_on_a_windows_form\debug\viscanvas.tlog\resgen.command.1.tlog
i:\work\originalelicrossfoldvalidation - edited for rule testing\viscanvas2.0\opengl_on_a_windows_form\debug\viscanvas.tlog\resgen.read.1.tlog
i:\work\originalelicrossfoldvalidation - edited for rule testing\viscanvas2.0\opengl_on_a_windows_form\debug\viscanvas.tlog\resgen.write.1.tlog
i:\work\originalelicrossfoldvalidation - edited for rule testing\viscanvas2.0\opengl_on_a_windows_form\debug\viscanvas.tlog\viscanvas.write.1u.tlog
i:\work\originalelicrossfoldvalidation - edited for rule testing\viscanvas2.0\opengl_on_a_windows_form\debug\viscanvas.tlog\axinterop.acropdflib.1.0.dll.metagen
i:\work\originalelicrossfoldvalidation - edited for rule testing\viscanvas2.0\opengl_on_a_windows_form\debug\viscanvas.tlog\interop.acropdflib.1.0.dll.metagen
i:\work\originalelicrossfoldvalidation - edited for rule testing\viscanvas2.0\opengl_on_a_windows_form\debug\viscanvas.tlog\microsoft.visualbasic.dll.metagen
i:\work\originalelicrossfoldvalidation - edited for rule testing\viscanvas2.0\opengl_on_a_windows_form\debug\viscanvas.tlog\microsoft.visualc.stlclr.dll.metagen
i:\work\originalelicrossfoldvalidation - edited for rule testing\viscanvas2.0\opengl_on_a_windows_form\debug\viscanvas.tlog\system.data.dll.metagen
i:\work\originalelicrossfoldvalidation - edited for rule testing\viscanvas2.0\opengl_on_a_windows_form\debug\viscanvas.tlog\system.dll.metagen
i:\work\originalelicrossfoldvalidation - edited for rule testing\viscanvas2.0\opengl_on_a_windows_form\debug\viscanvas.tlog\system.drawing.dll.metagen
i:\work\originalelicrossfoldvalidation - edited for rule testing\viscanvas2.0\opengl_on_a_windows_form\debug\viscanvas.tlog\system.runtime.serialization.formatters.soap.dll.metagen
i:\work\originalelicrossfoldvalidation - edited for rule testing\viscanvas2.0\opengl_on_a_windows_form\debug\viscanvas.tlog\system.windows.forms.dll.metagen
i:\work\originalelicrossfoldvalidation - edited for rule testing\viscanvas2.0\opengl_on_a_windows_form\debug\viscanvas.tlog\system.xml.dll.metagen
i:\work\originalelicrossfoldvalidation - edited for rule testing\viscanvas2.0\opengl_on_a_windows_form\debug\viscanvas.tlog\uiautomationprovider.dll.metagen
i:\work\originalelicrossfoldvalidation - edited for rule testing\viscanvas2.0\opengl_on_a_windows_form\debug\viscanvas.tlog\uiautomationtypes.dll.metagen
i:\work\originalelicrossfoldvalidation - edited for rule testing\viscanvas2.0\opengl_on_a_windows_form\debug\viscanvas.tlog\clui.dll.bi
